#
# There is insufficient memory for the Java Runtime Environment to continue.
# Native memory allocation (malloc) failed to allocate 51696 bytes for Chunk::new
# Possible reasons:
#   The system is out of physical RAM or swap space
#   The process is running with CompressedOops enabled, and the Java Heap may be blocking the growth of the native heap
# Possible solutions:
#   Reduce memory load on the system
#   Increase physical memory or swap space
#   Check if swap backing store is full
#   Decrease Java heap size (-Xmx/-Xms)
#   Decrease number of Java threads
#   Decrease Java thread stack sizes (-Xss)
#   Set larger code cache with -XX:ReservedCodeCacheSize=
#   JVM is running with Unscaled Compressed Oops mode in which the Java heap is
#     placed in the first 4GB address space. The Java Heap base address is the
#     maximum limit for the native heap growth. Please use -XX:HeapBaseMinAddress
#     to set the Java Heap base and to place the Java Heap above 4GB virtual address.
# This output file may be truncated or incomplete.
#
#  Out of Memory Error (arena.cpp:195), pid=167112, tid=77180
#
# JRE version: OpenJDK Runtime Environment (16.0.2+7) (build 16.0.2+7-67)
# Java VM: OpenJDK 64-Bit Server VM (16.0.2+7-67, mixed mode, sharing, tiered, compressed oops, compressed class ptrs, g1 gc, windows-amd64)
# No core dump will be written. Minidumps are not enabled by default on client versions of Windows
#

---------------  S U M M A R Y ------------

Command Line: -javaagent:D:\Idea\IntelliJ IDEA Educational Edition 2021.1.3\lib\idea_rt.jar=59917:D:\Idea\IntelliJ IDEA Educational Edition 2021.1.3\bin -Dfile.encoding=UTF-8 client.Client

Host: Intel(R) Core(TM) i5-4310M CPU @ 2.70GHz, 4 cores, 7G,  Windows 10 , 64 bit Build 17763 (10.0.17763.2028)
Time: Thu Oct  7 19:06:35 2021 RTZ 2 (зима) elapsed time: 0.110683 seconds (0d 0h 0m 0s)

---------------  T H R E A D  ---------------

Current thread (0x00000249e852a7f0):  JavaThread "C2 CompilerThread0" daemon [_thread_in_native, id=77180, stack(0x0000004a6d700000,0x0000004a6d800000)]


Current CompileTask:
C2:    110  103       4       java.lang.String::hashCode (60 bytes)

Stack: [0x0000004a6d700000,0x0000004a6d800000]
Native frames: (J=compiled Java code, j=interpreted, Vv=VM code, C=native code)
V  [jvm.dll+0x6681ca]
V  [jvm.dll+0x7c9e69]
V  [jvm.dll+0x7cb61e]
V  [jvm.dll+0x7cbc73]
V  [jvm.dll+0x242c55]
V  [jvm.dll+0xadeba]
V  [jvm.dll+0xae45c]
V  [jvm.dll+0x2a4cdf]
V  [jvm.dll+0x573c29]
V  [jvm.dll+0x21e905]
V  [jvm.dll+0x217c01]
V  [jvm.dll+0x214ffc]
V  [jvm.dll+0x1a1beb]
V  [jvm.dll+0x225158]
V  [jvm.dll+0x22319c]
V  [jvm.dll+0x77fa62]
V  [jvm.dll+0x7795aa]
V  [jvm.dll+0x667066]
C  [ucrtbase.dll+0x2268a]
C  [KERNEL32.DLL+0x17974]
C  [ntdll.dll+0x5a2f1]


---------------  P R O C E S S  ---------------

Threads class SMR info:
_java_thread_list=0x00000249e909c030, length=11, elements={
0x00000249cadb1a00, 0x00000249e8501960, 0x00000249e8502730, 0x00000249e8518410,
0x00000249e851bd40, 0x00000249e851d630, 0x00000249e8529580, 0x00000249e852a7f0,
0x00000249e852ba30, 0x00000249e859e6f0, 0x00000249e85275a0
}

Java Threads: ( => current thread )
  0x00000249cadb1a00 JavaThread "main" [_thread_in_vm, id=167056, stack(0x0000004a6c900000,0x0000004a6ca00000)]
  0x00000249e8501960 JavaThread "Reference Handler" daemon [_thread_blocked, id=166208, stack(0x0000004a6d100000,0x0000004a6d200000)]
  0x00000249e8502730 JavaThread "Finalizer" daemon [_thread_blocked, id=166088, stack(0x0000004a6d200000,0x0000004a6d300000)]
  0x00000249e8518410 JavaThread "Signal Dispatcher" daemon [_thread_blocked, id=166092, stack(0x0000004a6d300000,0x0000004a6d400000)]
  0x00000249e851bd40 JavaThread "Attach Listener" daemon [_thread_blocked, id=167164, stack(0x0000004a6d400000,0x0000004a6d500000)]
  0x00000249e851d630 JavaThread "Service Thread" daemon [_thread_blocked, id=158336, stack(0x0000004a6d500000,0x0000004a6d600000)]
  0x00000249e8529580 JavaThread "Monitor Deflation Thread" daemon [_thread_blocked, id=167224, stack(0x0000004a6d600000,0x0000004a6d700000)]
=>0x00000249e852a7f0 JavaThread "C2 CompilerThread0" daemon [_thread_in_native, id=77180, stack(0x0000004a6d700000,0x0000004a6d800000)]
  0x00000249e852ba30 JavaThread "C1 CompilerThread0" daemon [_thread_in_vm, id=166784, stack(0x0000004a6d800000,0x0000004a6d900000)]
  0x00000249e859e6f0 JavaThread "Sweeper thread" daemon [_thread_blocked, id=167232, stack(0x0000004a6d900000,0x0000004a6da00000)]
  0x00000249e85275a0 JavaThread "Common-Cleaner" daemon [_thread_blocked, id=166304, stack(0x0000004a6da00000,0x0000004a6db00000)]

Other Threads:
  0x00000249e84fd240 VMThread "VM Thread" [stack: 0x0000004a6d000000,0x0000004a6d100000] [id=167140]
  0x00000249cadef720 GCTaskThread "GC Thread#0" [stack: 0x0000004a6cb00000,0x0000004a6cc00000] [id=167080]
  0x00000249cae023d0 ConcurrentGCThread "G1 Main Marker" [stack: 0x0000004a6cc00000,0x0000004a6cd00000] [id=167092]
  0x00000249cae02e20 ConcurrentGCThread "G1 Conc#0" [stack: 0x0000004a6cd00000,0x0000004a6ce00000] [id=167084]
  0x00000249cae7df20 ConcurrentGCThread "G1 Refine#0" [stack: 0x0000004a6ce00000,0x0000004a6cf00000] [id=167032]
  0x00000249cae7e8b0 ConcurrentGCThread "G1 Service" [stack: 0x0000004a6cf00000,0x0000004a6d000000] [id=167156]

Threads with active compile tasks:
C2 CompilerThread0      128  103       4       java.lang.String::hashCode (60 bytes)
C1 CompilerThread0      128  137       3       java.lang.AbstractStringBuilder::putStringAt (12 bytes)

VM state: not at safepoint (normal execution)

VM Mutex/Monitor currently owned by a thread:  ([mutex/lock_event])
[0x00000249cada3570] MetaspaceExpand_lock - owner thread: 0x00000249cadb1a00
[0x00000249cadad000] MethodData_lock - owner thread: 0x00000249e852ba30

Heap address: 0x0000000081600000, size: 2026 MB, Compressed Oops mode: 32-bit

CDS archive(s) mapped at: [0x0000000800000000-0x0000000800bb0000-0x0000000800bb0000), size 12255232, SharedBaseAddress: 0x0000000800000000, ArchiveRelocationMode: 0.
Compressed class space mapped at: 0x0000000800c00000-0x0000000840c00000, reserved size: 1073741824
Narrow klass base: 0x0000000800000000, Narrow klass shift: 3, Narrow klass range: 0x100000000

GC Precious Log:
 CPUs: 4 total, 4 available
 Memory: 8097M
 Large Page Support: Disabled
 NUMA Support: Disabled
 Compressed Oops: Enabled (32-bit)
 Heap Region Size: 1M
 Heap Min Capacity: 8M
 Heap Initial Capacity: 128M
 Heap Max Capacity: 2026M
 Pre-touch: Disabled
 Parallel Workers: 4
 Concurrent Workers: 1
 Concurrent Refinement Workers: 4
 Periodic GC: Disabled

Heap:
 garbage-first heap   total 131072K, used 1024K [0x0000000081600000, 0x0000000100000000)
  region size 1024K, 2 young (2048K), 0 survivors (0K)
 Metaspace       used 262K, committed 448K, reserved 1056768K
  class space    used 5K, committed 128K, reserved 1048576K

Heap Regions: E=young(eden), S=young(survivor), O=old, HS=humongous(starts), HC=humongous(continues), CS=collection set, F=free, OA=open archive, CA=closed archive, TAMS=top-at-mark-start (previous, next)
|   0|0x0000000081600000, 0x0000000081600000, 0x0000000081700000|  0%| F|  |TAMS 0x0000000081600000, 0x0000000081600000| Untracked 
|   1|0x0000000081700000, 0x0000000081700000, 0x0000000081800000|  0%| F|  |TAMS 0x0000000081700000, 0x0000000081700000| Untracked 
|   2|0x0000000081800000, 0x0000000081800000, 0x0000000081900000|  0%| F|  |TAMS 0x0000000081800000, 0x0000000081800000| Untracked 
|   3|0x0000000081900000, 0x0000000081900000, 0x0000000081a00000|  0%| F|  |TAMS 0x0000000081900000, 0x0000000081900000| Untracked 
|   4|0x0000000081a00000, 0x0000000081a00000, 0x0000000081b00000|  0%| F|  |TAMS 0x0000000081a00000, 0x0000000081a00000| Untracked 
|   5|0x0000000081b00000, 0x0000000081b00000, 0x0000000081c00000|  0%| F|  |TAMS 0x0000000081b00000, 0x0000000081b00000| Untracked 
|   6|0x0000000081c00000, 0x0000000081c00000, 0x0000000081d00000|  0%| F|  |TAMS 0x0000000081c00000, 0x0000000081c00000| Untracked 
|   7|0x0000000081d00000, 0x0000000081d00000, 0x0000000081e00000|  0%| F|  |TAMS 0x0000000081d00000, 0x0000000081d00000| Untracked 
|   8|0x0000000081e00000, 0x0000000081e00000, 0x0000000081f00000|  0%| F|  |TAMS 0x0000000081e00000, 0x0000000081e00000| Untracked 
|   9|0x0000000081f00000, 0x0000000081f00000, 0x0000000082000000|  0%| F|  |TAMS 0x0000000081f00000, 0x0000000081f00000| Untracked 
|  10|0x0000000082000000, 0x0000000082000000, 0x0000000082100000|  0%| F|  |TAMS 0x0000000082000000, 0x0000000082000000| Untracked 
|  11|0x0000000082100000, 0x0000000082100000, 0x0000000082200000|  0%| F|  |TAMS 0x0000000082100000, 0x0000000082100000| Untracked 
|  12|0x0000000082200000, 0x0000000082200000, 0x0000000082300000|  0%| F|  |TAMS 0x0000000082200000, 0x0000000082200000| Untracked 
|  13|0x0000000082300000, 0x0000000082300000, 0x0000000082400000|  0%| F|  |TAMS 0x0000000082300000, 0x0000000082300000| Untracked 
|  14|0x0000000082400000, 0x0000000082400000, 0x0000000082500000|  0%| F|  |TAMS 0x0000000082400000, 0x0000000082400000| Untracked 
|  15|0x0000000082500000, 0x0000000082500000, 0x0000000082600000|  0%| F|  |TAMS 0x0000000082500000, 0x0000000082500000| Untracked 
|  16|0x0000000082600000, 0x0000000082600000, 0x0000000082700000|  0%| F|  |TAMS 0x0000000082600000, 0x0000000082600000| Untracked 
|  17|0x0000000082700000, 0x0000000082700000, 0x0000000082800000|  0%| F|  |TAMS 0x0000000082700000, 0x0000000082700000| Untracked 
|  18|0x0000000082800000, 0x0000000082800000, 0x0000000082900000|  0%| F|  |TAMS 0x0000000082800000, 0x0000000082800000| Untracked 
|  19|0x0000000082900000, 0x0000000082900000, 0x0000000082a00000|  0%| F|  |TAMS 0x0000000082900000, 0x0000000082900000| Untracked 
|  20|0x0000000082a00000, 0x0000000082a00000, 0x0000000082b00000|  0%| F|  |TAMS 0x0000000082a00000, 0x0000000082a00000| Untracked 
|  21|0x0000000082b00000, 0x0000000082b00000, 0x0000000082c00000|  0%| F|  |TAMS 0x0000000082b00000, 0x0000000082b00000| Untracked 
|  22|0x0000000082c00000, 0x0000000082c00000, 0x0000000082d00000|  0%| F|  |TAMS 0x0000000082c00000, 0x0000000082c00000| Untracked 
|  23|0x0000000082d00000, 0x0000000082d00000, 0x0000000082e00000|  0%| F|  |TAMS 0x0000000082d00000, 0x0000000082d00000| Untracked 
|  24|0x0000000082e00000, 0x0000000082e00000, 0x0000000082f00000|  0%| F|  |TAMS 0x0000000082e00000, 0x0000000082e00000| Untracked 
|  25|0x0000000082f00000, 0x0000000082f00000, 0x0000000083000000|  0%| F|  |TAMS 0x0000000082f00000, 0x0000000082f00000| Untracked 
|  26|0x0000000083000000, 0x0000000083000000, 0x0000000083100000|  0%| F|  |TAMS 0x0000000083000000, 0x0000000083000000| Untracked 
|  27|0x0000000083100000, 0x0000000083100000, 0x0000000083200000|  0%| F|  |TAMS 0x0000000083100000, 0x0000000083100000| Untracked 
|  28|0x0000000083200000, 0x0000000083200000, 0x0000000083300000|  0%| F|  |TAMS 0x0000000083200000, 0x0000000083200000| Untracked 
|  29|0x0000000083300000, 0x0000000083300000, 0x0000000083400000|  0%| F|  |TAMS 0x0000000083300000, 0x0000000083300000| Untracked 
|  30|0x0000000083400000, 0x0000000083400000, 0x0000000083500000|  0%| F|  |TAMS 0x0000000083400000, 0x0000000083400000| Untracked 
|  31|0x0000000083500000, 0x0000000083500000, 0x0000000083600000|  0%| F|  |TAMS 0x0000000083500000, 0x0000000083500000| Untracked 
|  32|0x0000000083600000, 0x0000000083600000, 0x0000000083700000|  0%| F|  |TAMS 0x0000000083600000, 0x0000000083600000| Untracked 
|  33|0x0000000083700000, 0x0000000083700000, 0x0000000083800000|  0%| F|  |TAMS 0x0000000083700000, 0x0000000083700000| Untracked 
|  34|0x0000000083800000, 0x0000000083800000, 0x0000000083900000|  0%| F|  |TAMS 0x0000000083800000, 0x0000000083800000| Untracked 
|  35|0x0000000083900000, 0x0000000083900000, 0x0000000083a00000|  0%| F|  |TAMS 0x0000000083900000, 0x0000000083900000| Untracked 
|  36|0x0000000083a00000, 0x0000000083a00000, 0x0000000083b00000|  0%| F|  |TAMS 0x0000000083a00000, 0x0000000083a00000| Untracked 
|  37|0x0000000083b00000, 0x0000000083b00000, 0x0000000083c00000|  0%| F|  |TAMS 0x0000000083b00000, 0x0000000083b00000| Untracked 
|  38|0x0000000083c00000, 0x0000000083c00000, 0x0000000083d00000|  0%| F|  |TAMS 0x0000000083c00000, 0x0000000083c00000| Untracked 
|  39|0x0000000083d00000, 0x0000000083d00000, 0x0000000083e00000|  0%| F|  |TAMS 0x0000000083d00000, 0x0000000083d00000| Untracked 
|  40|0x0000000083e00000, 0x0000000083e00000, 0x0000000083f00000|  0%| F|  |TAMS 0x0000000083e00000, 0x0000000083e00000| Untracked 
|  41|0x0000000083f00000, 0x0000000083f00000, 0x0000000084000000|  0%| F|  |TAMS 0x0000000083f00000, 0x0000000083f00000| Untracked 
|  42|0x0000000084000000, 0x0000000084000000, 0x0000000084100000|  0%| F|  |TAMS 0x0000000084000000, 0x0000000084000000| Untracked 
|  43|0x0000000084100000, 0x0000000084100000, 0x0000000084200000|  0%| F|  |TAMS 0x0000000084100000, 0x0000000084100000| Untracked 
|  44|0x0000000084200000, 0x0000000084200000, 0x0000000084300000|  0%| F|  |TAMS 0x0000000084200000, 0x0000000084200000| Untracked 
|  45|0x0000000084300000, 0x0000000084300000, 0x0000000084400000|  0%| F|  |TAMS 0x0000000084300000, 0x0000000084300000| Untracked 
|  46|0x0000000084400000, 0x0000000084400000, 0x0000000084500000|  0%| F|  |TAMS 0x0000000084400000, 0x0000000084400000| Untracked 
|  47|0x0000000084500000, 0x0000000084500000, 0x0000000084600000|  0%| F|  |TAMS 0x0000000084500000, 0x0000000084500000| Untracked 
|  48|0x0000000084600000, 0x0000000084600000, 0x0000000084700000|  0%| F|  |TAMS 0x0000000084600000, 0x0000000084600000| Untracked 
|  49|0x0000000084700000, 0x0000000084700000, 0x0000000084800000|  0%| F|  |TAMS 0x0000000084700000, 0x0000000084700000| Untracked 
|  50|0x0000000084800000, 0x0000000084800000, 0x0000000084900000|  0%| F|  |TAMS 0x0000000084800000, 0x0000000084800000| Untracked 
|  51|0x0000000084900000, 0x0000000084900000, 0x0000000084a00000|  0%| F|  |TAMS 0x0000000084900000, 0x0000000084900000| Untracked 
|  52|0x0000000084a00000, 0x0000000084a00000, 0x0000000084b00000|  0%| F|  |TAMS 0x0000000084a00000, 0x0000000084a00000| Untracked 
|  53|0x0000000084b00000, 0x0000000084b00000, 0x0000000084c00000|  0%| F|  |TAMS 0x0000000084b00000, 0x0000000084b00000| Untracked 
|  54|0x0000000084c00000, 0x0000000084c00000, 0x0000000084d00000|  0%| F|  |TAMS 0x0000000084c00000, 0x0000000084c00000| Untracked 
|  55|0x0000000084d00000, 0x0000000084d00000, 0x0000000084e00000|  0%| F|  |TAMS 0x0000000084d00000, 0x0000000084d00000| Untracked 
|  56|0x0000000084e00000, 0x0000000084e00000, 0x0000000084f00000|  0%| F|  |TAMS 0x0000000084e00000, 0x0000000084e00000| Untracked 
|  57|0x0000000084f00000, 0x0000000084f00000, 0x0000000085000000|  0%| F|  |TAMS 0x0000000084f00000, 0x0000000084f00000| Untracked 
|  58|0x0000000085000000, 0x0000000085000000, 0x0000000085100000|  0%| F|  |TAMS 0x0000000085000000, 0x0000000085000000| Untracked 
|  59|0x0000000085100000, 0x0000000085100000, 0x0000000085200000|  0%| F|  |TAMS 0x0000000085100000, 0x0000000085100000| Untracked 
|  60|0x0000000085200000, 0x0000000085200000, 0x0000000085300000|  0%| F|  |TAMS 0x0000000085200000, 0x0000000085200000| Untracked 
|  61|0x0000000085300000, 0x0000000085300000, 0x0000000085400000|  0%| F|  |TAMS 0x0000000085300000, 0x0000000085300000| Untracked 
|  62|0x0000000085400000, 0x0000000085400000, 0x0000000085500000|  0%| F|  |TAMS 0x0000000085400000, 0x0000000085400000| Untracked 
|  63|0x0000000085500000, 0x0000000085500000, 0x0000000085600000|  0%| F|  |TAMS 0x0000000085500000, 0x0000000085500000| Untracked 
|  64|0x0000000085600000, 0x0000000085600000, 0x0000000085700000|  0%| F|  |TAMS 0x0000000085600000, 0x0000000085600000| Untracked 
|  65|0x0000000085700000, 0x0000000085700000, 0x0000000085800000|  0%| F|  |TAMS 0x0000000085700000, 0x0000000085700000| Untracked 
|  66|0x0000000085800000, 0x0000000085800000, 0x0000000085900000|  0%| F|  |TAMS 0x0000000085800000, 0x0000000085800000| Untracked 
|  67|0x0000000085900000, 0x0000000085900000, 0x0000000085a00000|  0%| F|  |TAMS 0x0000000085900000, 0x0000000085900000| Untracked 
|  68|0x0000000085a00000, 0x0000000085a00000, 0x0000000085b00000|  0%| F|  |TAMS 0x0000000085a00000, 0x0000000085a00000| Untracked 
|  69|0x0000000085b00000, 0x0000000085b00000, 0x0000000085c00000|  0%| F|  |TAMS 0x0000000085b00000, 0x0000000085b00000| Untracked 
|  70|0x0000000085c00000, 0x0000000085c00000, 0x0000000085d00000|  0%| F|  |TAMS 0x0000000085c00000, 0x0000000085c00000| Untracked 
|  71|0x0000000085d00000, 0x0000000085d00000, 0x0000000085e00000|  0%| F|  |TAMS 0x0000000085d00000, 0x0000000085d00000| Untracked 
|  72|0x0000000085e00000, 0x0000000085e00000, 0x0000000085f00000|  0%| F|  |TAMS 0x0000000085e00000, 0x0000000085e00000| Untracked 
|  73|0x0000000085f00000, 0x0000000085f00000, 0x0000000086000000|  0%| F|  |TAMS 0x0000000085f00000, 0x0000000085f00000| Untracked 
|  74|0x0000000086000000, 0x0000000086000000, 0x0000000086100000|  0%| F|  |TAMS 0x0000000086000000, 0x0000000086000000| Untracked 
|  75|0x0000000086100000, 0x0000000086100000, 0x0000000086200000|  0%| F|  |TAMS 0x0000000086100000, 0x0000000086100000| Untracked 
|  76|0x0000000086200000, 0x0000000086200000, 0x0000000086300000|  0%| F|  |TAMS 0x0000000086200000, 0x0000000086200000| Untracked 
|  77|0x0000000086300000, 0x0000000086300000, 0x0000000086400000|  0%| F|  |TAMS 0x0000000086300000, 0x0000000086300000| Untracked 
|  78|0x0000000086400000, 0x0000000086400000, 0x0000000086500000|  0%| F|  |TAMS 0x0000000086400000, 0x0000000086400000| Untracked 
|  79|0x0000000086500000, 0x0000000086500000, 0x0000000086600000|  0%| F|  |TAMS 0x0000000086500000, 0x0000000086500000| Untracked 
|  80|0x0000000086600000, 0x0000000086600000, 0x0000000086700000|  0%| F|  |TAMS 0x0000000086600000, 0x0000000086600000| Untracked 
|  81|0x0000000086700000, 0x0000000086700000, 0x0000000086800000|  0%| F|  |TAMS 0x0000000086700000, 0x0000000086700000| Untracked 
|  82|0x0000000086800000, 0x0000000086800000, 0x0000000086900000|  0%| F|  |TAMS 0x0000000086800000, 0x0000000086800000| Untracked 
|  83|0x0000000086900000, 0x0000000086900000, 0x0000000086a00000|  0%| F|  |TAMS 0x0000000086900000, 0x0000000086900000| Untracked 
|  84|0x0000000086a00000, 0x0000000086a00000, 0x0000000086b00000|  0%| F|  |TAMS 0x0000000086a00000, 0x0000000086a00000| Untracked 
|  85|0x0000000086b00000, 0x0000000086b00000, 0x0000000086c00000|  0%| F|  |TAMS 0x0000000086b00000, 0x0000000086b00000| Untracked 
|  86|0x0000000086c00000, 0x0000000086c00000, 0x0000000086d00000|  0%| F|  |TAMS 0x0000000086c00000, 0x0000000086c00000| Untracked 
|  87|0x0000000086d00000, 0x0000000086d00000, 0x0000000086e00000|  0%| F|  |TAMS 0x0000000086d00000, 0x0000000086d00000| Untracked 
|  88|0x0000000086e00000, 0x0000000086e00000, 0x0000000086f00000|  0%| F|  |TAMS 0x0000000086e00000, 0x0000000086e00000| Untracked 
|  89|0x0000000086f00000, 0x0000000086f00000, 0x0000000087000000|  0%| F|  |TAMS 0x0000000086f00000, 0x0000000086f00000| Untracked 
|  90|0x0000000087000000, 0x0000000087000000, 0x0000000087100000|  0%| F|  |TAMS 0x0000000087000000, 0x0000000087000000| Untracked 
|  91|0x0000000087100000, 0x0000000087100000, 0x0000000087200000|  0%| F|  |TAMS 0x0000000087100000, 0x0000000087100000| Untracked 
|  92|0x0000000087200000, 0x0000000087200000, 0x0000000087300000|  0%| F|  |TAMS 0x0000000087200000, 0x0000000087200000| Untracked 
|  93|0x0000000087300000, 0x0000000087300000, 0x0000000087400000|  0%| F|  |TAMS 0x0000000087300000, 0x0000000087300000| Untracked 
|  94|0x0000000087400000, 0x0000000087400000, 0x0000000087500000|  0%| F|  |TAMS 0x0000000087400000, 0x0000000087400000| Untracked 
|  95|0x0000000087500000, 0x0000000087500000, 0x0000000087600000|  0%| F|  |TAMS 0x0000000087500000, 0x0000000087500000| Untracked 
|  96|0x0000000087600000, 0x0000000087600000, 0x0000000087700000|  0%| F|  |TAMS 0x0000000087600000, 0x0000000087600000| Untracked 
|  97|0x0000000087700000, 0x0000000087700000, 0x0000000087800000|  0%| F|  |TAMS 0x0000000087700000, 0x0000000087700000| Untracked 
|  98|0x0000000087800000, 0x0000000087800000, 0x0000000087900000|  0%| F|  |TAMS 0x0000000087800000, 0x0000000087800000| Untracked 
|  99|0x0000000087900000, 0x0000000087900000, 0x0000000087a00000|  0%| F|  |TAMS 0x0000000087900000, 0x0000000087900000| Untracked 
| 100|0x0000000087a00000, 0x0000000087a00000, 0x0000000087b00000|  0%| F|  |TAMS 0x0000000087a00000, 0x0000000087a00000| Untracked 
| 101|0x0000000087b00000, 0x0000000087b00000, 0x0000000087c00000|  0%| F|  |TAMS 0x0000000087b00000, 0x0000000087b00000| Untracked 
| 102|0x0000000087c00000, 0x0000000087c00000, 0x0000000087d00000|  0%| F|  |TAMS 0x0000000087c00000, 0x0000000087c00000| Untracked 
| 103|0x0000000087d00000, 0x0000000087d00000, 0x0000000087e00000|  0%| F|  |TAMS 0x0000000087d00000, 0x0000000087d00000| Untracked 
| 104|0x0000000087e00000, 0x0000000087e00000, 0x0000000087f00000|  0%| F|  |TAMS 0x0000000087e00000, 0x0000000087e00000| Untracked 
| 105|0x0000000087f00000, 0x0000000087f00000, 0x0000000088000000|  0%| F|  |TAMS 0x0000000087f00000, 0x0000000087f00000| Untracked 
| 106|0x0000000088000000, 0x0000000088000000, 0x0000000088100000|  0%| F|  |TAMS 0x0000000088000000, 0x0000000088000000| Untracked 
| 107|0x0000000088100000, 0x0000000088100000, 0x0000000088200000|  0%| F|  |TAMS 0x0000000088100000, 0x0000000088100000| Untracked 
| 108|0x0000000088200000, 0x0000000088200000, 0x0000000088300000|  0%| F|  |TAMS 0x0000000088200000, 0x0000000088200000| Untracked 
| 109|0x0000000088300000, 0x0000000088300000, 0x0000000088400000|  0%| F|  |TAMS 0x0000000088300000, 0x0000000088300000| Untracked 
| 110|0x0000000088400000, 0x0000000088400000, 0x0000000088500000|  0%| F|  |TAMS 0x0000000088400000, 0x0000000088400000| Untracked 
| 111|0x0000000088500000, 0x0000000088500000, 0x0000000088600000|  0%| F|  |TAMS 0x0000000088500000, 0x0000000088500000| Untracked 
| 112|0x0000000088600000, 0x0000000088600000, 0x0000000088700000|  0%| F|  |TAMS 0x0000000088600000, 0x0000000088600000| Untracked 
| 113|0x0000000088700000, 0x0000000088700000, 0x0000000088800000|  0%| F|  |TAMS 0x0000000088700000, 0x0000000088700000| Untracked 
| 114|0x0000000088800000, 0x0000000088800000, 0x0000000088900000|  0%| F|  |TAMS 0x0000000088800000, 0x0000000088800000| Untracked 
| 115|0x0000000088900000, 0x0000000088900000, 0x0000000088a00000|  0%| F|  |TAMS 0x0000000088900000, 0x0000000088900000| Untracked 
| 116|0x0000000088a00000, 0x0000000088a00000, 0x0000000088b00000|  0%| F|  |TAMS 0x0000000088a00000, 0x0000000088a00000| Untracked 
| 117|0x0000000088b00000, 0x0000000088b00000, 0x0000000088c00000|  0%| F|  |TAMS 0x0000000088b00000, 0x0000000088b00000| Untracked 
| 118|0x0000000088c00000, 0x0000000088c00000, 0x0000000088d00000|  0%| F|  |TAMS 0x0000000088c00000, 0x0000000088c00000| Untracked 
| 119|0x0000000088d00000, 0x0000000088d00000, 0x0000000088e00000|  0%| F|  |TAMS 0x0000000088d00000, 0x0000000088d00000| Untracked 
| 120|0x0000000088e00000, 0x0000000088e00000, 0x0000000088f00000|  0%| F|  |TAMS 0x0000000088e00000, 0x0000000088e00000| Untracked 
| 121|0x0000000088f00000, 0x0000000088f00000, 0x0000000089000000|  0%| F|  |TAMS 0x0000000088f00000, 0x0000000088f00000| Untracked 
| 122|0x0000000089000000, 0x0000000089000000, 0x0000000089100000|  0%| F|  |TAMS 0x0000000089000000, 0x0000000089000000| Untracked 
| 123|0x0000000089100000, 0x0000000089100000, 0x0000000089200000|  0%| F|  |TAMS 0x0000000089100000, 0x0000000089100000| Untracked 
| 124|0x0000000089200000, 0x0000000089200000, 0x0000000089300000|  0%| F|  |TAMS 0x0000000089200000, 0x0000000089200000| Untracked 
| 125|0x0000000089300000, 0x0000000089300000, 0x0000000089400000|  0%| F|  |TAMS 0x0000000089300000, 0x0000000089300000| Untracked 
| 126|0x0000000089400000, 0x0000000089486200, 0x0000000089500000| 52%| E|  |TAMS 0x0000000089400000, 0x0000000089400000| Complete 
| 127|0x0000000089500000, 0x0000000089600000, 0x0000000089600000|100%| E|CS|TAMS 0x0000000089500000, 0x0000000089500000| Complete 

Card table byte_map: [0x00000249e1910000,0x00000249e1d10000] _byte_map_base: 0x00000249e1505000

Marking Bits (Prev, Next): (CMBitMap*) 0x00000249cadf1cc0, (CMBitMap*) 0x00000249cadf1d00
 Prev Bits: [0x00000249e2110000, 0x00000249e40b8000)
 Next Bits: [0x00000249e40c0000, 0x00000249e6068000)

Polling page: 0x00000249c8c50000

Metaspace:

Usage:
  Non-class:    257.12 KB used.
      Class:      5.10 KB used.
       Both:    262.22 KB used.

Virtual space:
  Non-class space:        8.00 MB reserved,     320.00 KB (  4%) committed,  1 nodes.
      Class space:        1.00 GB reserved,     128.00 KB ( <1%) committed,  1 nodes.
              Both:        1.01 GB reserved,     448.00 KB ( <1%) committed. 

Chunk freelists:
   Non-Class:  4.00 MB
       Class:  3.75 MB
        Both:  7.75 MB

MaxMetaspaceSize: 17179869184.00 GB
CompressedClassSpaceSize: 1.00 GB
 - commit_granule_bytes: 65536.
 - commit_granule_words: 8192.
 - virtual_space_node_default_size: 1048576.
 - enlarge_chunks_in_place: 1.
 - new_chunks_are_fully_committed: 0.
 - uncommit_free_chunks: 1.
 - use_allocation_guard: 0.
 - handle_deallocations: 1.


Internal statistics:

num_allocs_failed_limit: 0.
num_arena_births: 4.
num_arena_deaths: 0.
num_vsnodes_births: 2.
num_vsnodes_deaths: 0.
num_space_committed: 7.
num_space_uncommitted: 0.
num_chunks_returned_to_freelist: 0.
num_chunks_taken_from_freelist: 5.
num_chunk_merges: 0.
num_chunk_splits: 2.
num_chunks_enlarged: 1.
num_purges: 0.

CodeHeap 'non-profiled nmethods': size=120000Kb used=38Kb max_used=38Kb free=119961Kb
 bounds [0x00000249d9fe0000, 0x00000249da250000, 0x00000249e1510000]
CodeHeap 'profiled nmethods': size=120000Kb used=153Kb max_used=153Kb free=119846Kb
 bounds [0x00000249d2ab0000, 0x00000249d2d20000, 0x00000249d9fe0000]
CodeHeap 'non-nmethods': size=5760Kb used=1087Kb max_used=1100Kb free=4673Kb
 bounds [0x00000249d2510000, 0x00000249d2780000, 0x00000249d2ab0000]
 total_blobs=483 nmethods=132 adapters=264
 compilation: enabled
              stopped_count=0, restarted_count=0
 full_count=0

Compilation events (20 events):
Event: 0.107 Thread 0x00000249e852ba30   97       3       java.lang.module.ModuleDescriptor$Exports::isQualified (18 bytes)
Event: 0.107 Thread 0x00000249e852a7f0  103       4       java.lang.String::hashCode (60 bytes)
Event: 0.107 Thread 0x00000249e852ba30 nmethod 97 0x00000249d2acbe10 code [0x00000249d2acbfc0, 0x00000249d2acc1e8]
Event: 0.107 Thread 0x00000249e852ba30   99       3       java.util.ImmutableCollections$SetN::isEmpty (13 bytes)
Event: 0.107 Thread 0x00000249e852ba30 nmethod 99 0x00000249d2acc290 code [0x00000249d2acc420, 0x00000249d2acc598]
Event: 0.107 Thread 0x00000249e852ba30  101       3       java.util.HashMap::putIfAbsent (13 bytes)
Event: 0.108 Thread 0x00000249e852ba30 nmethod 101 0x00000249d2acc610 code [0x00000249d2acc7e0, 0x00000249d2accaf8]
Event: 0.108 Thread 0x00000249e852ba30  100       3       java.lang.Object::equals (11 bytes)
Event: 0.108 Thread 0x00000249e852ba30 nmethod 100 0x00000249d2accc10 code [0x00000249d2accda0, 0x00000249d2accf18]
Event: 0.108 Thread 0x00000249e852ba30   82       1       java.lang.module.ModuleDescriptor$Requires::modifiers (5 bytes)
Event: 0.108 Thread 0x00000249e852ba30 nmethod 82 0x00000249d9fe7290 code [0x00000249d9fe7420, 0x00000249d9fe74f8]
Event: 0.108 Thread 0x00000249e852ba30   89       1       java.lang.module.ModuleDescriptor::requires (5 bytes)
Event: 0.108 Thread 0x00000249e852ba30 nmethod 89 0x00000249d9fe7590 code [0x00000249d9fe7720, 0x00000249d9fe77f8]
Event: 0.108 Thread 0x00000249e852ba30  102       3       java.util.ImmutableCollections$Set12::contains (28 bytes)
Event: 0.108 Thread 0x00000249e852ba30 nmethod 102 0x00000249d2accf90 code [0x00000249d2acd160, 0x00000249d2acd4b8]
Event: 0.108 Thread 0x00000249e852ba30  104       3       java.util.ImmutableCollections$SetN::contains (26 bytes)
Event: 0.108 Thread 0x00000249e852ba30 nmethod 104 0x00000249d2acd590 code [0x00000249d2acd760, 0x00000249d2acda98]
Event: 0.108 Thread 0x00000249e852ba30  106       3       java.util.HashMap::resize (356 bytes)
Event: 0.109 Thread 0x00000249e852ba30 nmethod 106 0x00000249d2acdb90 code [0x00000249d2acde40, 0x00000249d2acf368]
Event: 0.109 Thread 0x00000249e852ba30  105       3       java.util.HashMap$KeyIterator::next (8 bytes)

GC Heap History (0 events):
No events

Deoptimization events (0 events):
No events

Classes unloaded (0 events):
No events

Classes redefined (0 events):
No events

Internal exceptions (0 events):
No events

Events (18 events):
Event: 0.016 Loaded shared library C:\Users\vask\.jdks\openjdk-16.0.2\bin\java.dll
Event: 0.040 Thread 0x00000249cadb1a00 Thread added: 0x00000249cadb1a00
Event: 0.044 Thread 0x00000249e8501960 Thread added: 0x00000249e8501960
Event: 0.045 Thread 0x00000249e8502730 Thread added: 0x00000249e8502730
Event: 0.050 loading class sun/nio/cs/MS1251
Event: 0.050 loading class sun/nio/cs/MS1251 done
Event: 0.052 loading class sun/nio/cs/UTF_8$Encoder
Event: 0.052 loading class sun/nio/cs/UTF_8$Encoder done
Event: 0.054 Thread 0x00000249e8518410 Thread added: 0x00000249e8518410
Event: 0.055 Thread 0x00000249e851bd40 Thread added: 0x00000249e851bd40
Event: 0.056 Thread 0x00000249e851d630 Thread added: 0x00000249e851d630
Event: 0.057 Thread 0x00000249e8529580 Thread added: 0x00000249e8529580
Event: 0.058 Thread 0x00000249e852a7f0 Thread added: 0x00000249e852a7f0
Event: 0.058 Thread 0x00000249e852ba30 Thread added: 0x00000249e852ba30
Event: 0.064 Thread 0x00000249e859e6f0 Thread added: 0x00000249e859e6f0
Event: 0.091 Thread 0x00000249e85275a0 Thread added: 0x00000249e85275a0
Event: 0.103 Executing  VM operation: HandshakeAllThreads
Event: 0.103 Executing  VM operation: HandshakeAllThreads done


Dynamic libraries:
0x00007ff7ebfa0000 - 0x00007ff7ebfae000 	C:\Users\vask\.jdks\openjdk-16.0.2\bin\java.exe
0x00007fff80ec0000 - 0x00007fff810ad000 	C:\Windows\SYSTEM32\ntdll.dll
0x00007fff630d0000 - 0x00007fff630e5000 	C:\Program Files\Avast Software\Avast\aswhook.dll
0x00007fff7e560000 - 0x00007fff7e613000 	C:\Windows\System32\KERNEL32.DLL
0x00007fff7d290000 - 0x00007fff7d525000 	C:\Windows\System32\KERNELBASE.dll
0x00007fff7e020000 - 0x00007fff7e11a000 	C:\Windows\System32\ucrtbase.dll
0x00007fff72520000 - 0x00007fff72538000 	C:\Users\vask\.jdks\openjdk-16.0.2\bin\jli.dll
0x00007fff80700000 - 0x00007fff80898000 	C:\Windows\System32\USER32.dll
0x00007fff7cfa0000 - 0x00007fff7cfc0000 	C:\Windows\System32\win32u.dll
0x00007fff80510000 - 0x00007fff80539000 	C:\Windows\System32\GDI32.dll
0x00007fff7cff0000 - 0x00007fff7d18c000 	C:\Windows\System32\gdi32full.dll
0x00007fff7d830000 - 0x00007fff7d8d0000 	C:\Windows\System32\msvcp_win.dll
0x00007fff6e530000 - 0x00007fff6e549000 	C:\Users\vask\.jdks\openjdk-16.0.2\bin\VCRUNTIME140.dll
0x00007fff6f250000 - 0x00007fff6f4c9000 	C:\Windows\WinSxS\amd64_microsoft.windows.common-controls_6595b64144ccf1df_6.0.17763.2061_none_de73cf545348ec45\COMCTL32.dll
0x00007fff7e8e0000 - 0x00007fff7e97e000 	C:\Windows\System32\msvcrt.dll
0x00007fff7e180000 - 0x00007fff7e4ad000 	C:\Windows\System32\combase.dll
0x00007fff808b0000 - 0x00007fff809cf000 	C:\Windows\System32\RPCRT4.dll
0x00007fff7d190000 - 0x00007fff7d212000 	C:\Windows\System32\bcryptPrimitives.dll
0x00007fff80cd0000 - 0x00007fff80cfe000 	C:\Windows\System32\IMM32.DLL
0x00007fff6e520000 - 0x00007fff6e52c000 	C:\Users\vask\.jdks\openjdk-16.0.2\bin\vcruntime140_1.dll
0x00007fff655f0000 - 0x00007fff65681000 	C:\Users\vask\.jdks\openjdk-16.0.2\bin\msvcp140.dll
0x00007fff23640000 - 0x00007fff241eb000 	C:\Users\vask\.jdks\openjdk-16.0.2\bin\server\jvm.dll
0x00007fff80b80000 - 0x00007fff80c24000 	C:\Windows\System32\ADVAPI32.dll
0x00007fff80c30000 - 0x00007fff80cce000 	C:\Windows\System32\sechost.dll
0x00007fff80d00000 - 0x00007fff80d08000 	C:\Windows\System32\PSAPI.DLL
0x00007fff6d850000 - 0x00007fff6d859000 	C:\Windows\SYSTEM32\WSOCK32.dll
0x00007fff80300000 - 0x00007fff8036d000 	C:\Windows\System32\WS2_32.dll
0x00007fff7b140000 - 0x00007fff7b164000 	C:\Windows\SYSTEM32\WINMM.dll
0x00007fff728b0000 - 0x00007fff728ba000 	C:\Windows\SYSTEM32\VERSION.dll
0x00007fff7b0c0000 - 0x00007fff7b0ed000 	C:\Windows\SYSTEM32\WINMMBASE.dll
0x00007fff7d240000 - 0x00007fff7d28a000 	C:\Windows\System32\cfgmgr32.dll
0x00007fff7cf20000 - 0x00007fff7cf31000 	C:\Windows\System32\kernel.appcore.dll
0x00007fff6e2f0000 - 0x00007fff6e2fa000 	C:\Users\vask\.jdks\openjdk-16.0.2\bin\jimage.dll
0x00007fff70e90000 - 0x00007fff7107d000 	C:\Windows\SYSTEM32\DBGHELP.DLL
0x00007fff70e60000 - 0x00007fff70e8a000 	C:\Windows\SYSTEM32\dbgcore.DLL
0x00007fff6bb30000 - 0x00007fff6bb3e000 	C:\Users\vask\.jdks\openjdk-16.0.2\bin\instrument.dll
0x00007fff6d520000 - 0x00007fff6d545000 	C:\Users\vask\.jdks\openjdk-16.0.2\bin\java.dll
0x00007fff7ee00000 - 0x00007fff802f9000 	C:\Windows\System32\SHELL32.dll
0x00007fff7e4b0000 - 0x00007fff7e558000 	C:\Windows\System32\shcore.dll
0x00007fff7d8d0000 - 0x00007fff7e01b000 	C:\Windows\System32\windows.storage.dll
0x00007fff7cef0000 - 0x00007fff7cf14000 	C:\Windows\System32\profapi.dll
0x00007fff7cf40000 - 0x00007fff7cf9d000 	C:\Windows\System32\powrprof.dll
0x00007fff80540000 - 0x00007fff80592000 	C:\Windows\System32\shlwapi.dll
0x00007fff7d220000 - 0x00007fff7d237000 	C:\Windows\System32\cryptsp.dll

dbghelp: loaded successfully - version: 4.0.5 - missing functions: none
symbol engine: initialized successfully - sym options: 0x614 - pdb path: .;C:\Users\vask\.jdks\openjdk-16.0.2\bin;C:\Windows\SYSTEM32;C:\Program Files\Avast Software\Avast;C:\Windows\WinSxS\amd64_microsoft.windows.common-controls_6595b64144ccf1df_6.0.17763.2061_none_de73cf545348ec45;C:\Users\vask\.jdks\openjdk-16.0.2\bin\server

VM Arguments:
jvm_args: -javaagent:D:\Idea\IntelliJ IDEA Educational Edition 2021.1.3\lib\idea_rt.jar=59917:D:\Idea\IntelliJ IDEA Educational Edition 2021.1.3\bin -Dfile.encoding=UTF-8 
java_command: client.Client
java_class_path (initial): C:\Users\vask\IdeaProjects\File Server\File Server\task\out\production\classes
Launcher Type: SUN_STANDARD

[Global flags]
     intx CICompilerCount                          = 3                                         {product} {ergonomic}
     uint ConcGCThreads                            = 1                                         {product} {ergonomic}
     uint G1ConcRefinementThreads                  = 4                                         {product} {ergonomic}
   size_t G1HeapRegionSize                         = 1048576                                   {product} {ergonomic}
    uintx GCDrainStackTargetSize                   = 64                                        {product} {ergonomic}
   size_t InitialHeapSize                          = 134217728                                 {product} {ergonomic}
   size_t MarkStackSize                            = 4194304                                   {product} {ergonomic}
   size_t MaxHeapSize                              = 2124414976                                {product} {ergonomic}
   size_t MaxNewSize                               = 1274019840                                {product} {ergonomic}
   size_t MinHeapDeltaBytes                        = 1048576                                   {product} {ergonomic}
   size_t MinHeapSize                              = 8388608                                   {product} {ergonomic}
    uintx NonNMethodCodeHeapSize                   = 5832780                                {pd product} {ergonomic}
    uintx NonProfiledCodeHeapSize                  = 122912730                              {pd product} {ergonomic}
    uintx ProfiledCodeHeapSize                     = 122912730                              {pd product} {ergonomic}
    uintx ReservedCodeCacheSize                    = 251658240                              {pd product} {ergonomic}
     bool SegmentedCodeCache                       = true                                      {product} {ergonomic}
   size_t SoftMaxHeapSize                          = 2124414976                             {manageable} {ergonomic}
     bool UseCompressedClassPointers               = true                           {product lp64_product} {ergonomic}
     bool UseCompressedOops                        = true                           {product lp64_product} {ergonomic}
     bool UseG1GC                                  = true                                      {product} {ergonomic}
     bool UseLargePagesIndividualAllocation        = false                                  {pd product} {ergonomic}

Logging:
Log output configuration:
 #0: stdout all=warning uptime,level,tags
 #1: stderr all=off uptime,level,tags

Environment Variables:
JAVA_HOME=C:\Program Files\Java\jdk-16.0.2
PATH=C:\Program Files\Common Files\Oracle\Java\javapath;C:\Windows\system32;C:\Windows;C:\Windows\System32\Wbem;C:\Windows\System32\WindowsPowerShell\v1.0\;C:\Windows\System32\OpenSSH\;C:\Gradle\gradle-7.0.2\bin;C:\Program Files\apache-maven-3.8.2-bin\apache-maven-3.8.2\bin;C:\Users\vask\AppData\Local\Microsoft\WindowsApps;D:\Idea\IntelliJ IDEA 2021.2\bin;;C:\Gradle\gradle-7.0.2\bin;C:\Users\vask\AppData\Local\GitHubDesktop\bin
USERNAME=vask
OS=Windows_NT
PROCESSOR_IDENTIFIER=Intel64 Family 6 Model 60 Stepping 3, GenuineIntel



---------------  S Y S T E M  ---------------

OS:
 Windows 10 , 64 bit Build 17763 (10.0.17763.2028)
OS uptime: 0 days 0:59 hours

CPU: total 4 (initial active 4) (2 cores per cpu, 2 threads per core) family 6 model 60 stepping 3 microcode 0x28, cx8, cmov, fxsr, ht, mmx, sse, sse2, sse3, ssse3, sse4.1, sse4.2, popcnt, lzcnt, tsc, tscinvbit, avx, avx2, aes, erms, clmul, bmi1, bmi2, fma, vzeroupper, clflush

Memory: 4k page, system-wide physical 8097M (844M free)
TotalPageFile size 10145M (AvailPageFile size 4M)
current process WorkingSet (physical memory assigned to process): 28M, peak: 28M
current process commit charge ("private bytes"): 201M, peak: 201M

vm_info: OpenJDK 64-Bit Server VM (16.0.2+7-67) for windows-amd64 JRE (16.0.2+7-67), built on Jun  8 2021 23:21:43 by "mach5one" with MS VC++ 16.7 (VS2019)

END.
